#
# There is insufficient memory for the Java Runtime Environment to continue.
# Native memory allocation (malloc) failed to allocate 32744 bytes for Chunk::new
# Possible reasons:
#   The system is out of physical RAM or swap space
#   The process is running with CompressedOops enabled, and the Java Heap may be blocking the growth of the native heap
# Possible solutions:
#   Reduce memory load on the system
#   Increase physical memory or swap space
#   Check if swap backing store is full
#   Decrease Java heap size (-Xmx/-Xms)
#   Decrease number of Java threads
#   Decrease Java thread stack sizes (-Xss)
#   Set larger code cache with -XX:ReservedCodeCacheSize=
#   JVM is running with Unscaled Compressed Oops mode in which the Java heap is
#     placed in the first 4GB address space. The Java Heap base address is the
#     maximum limit for the native heap growth. Please use -XX:HeapBaseMinAddress
#     to set the Java Heap base and to place the Java Heap above 4GB virtual address.
# This output file may be truncated or incomplete.
#
#  Out of Memory Error (arena.cpp:184), pid=20468, tid=14296
#
# JRE version: Java(TM) SE Runtime Environment (19.0.1+10) (build 19.0.1+10-21)
# Java VM: Java HotSpot(TM) 64-Bit Server VM (19.0.1+10-21, mixed mode, sharing, tiered, compressed oops, compressed class ptrs, g1 gc, windows-amd64)
# No core dump will be written. Minidumps are not enabled by default on client versions of Windows
#

---------------  S U M M A R Y ------------

Command Line: -Dfile.encoding=UTF-8 --module-path=C:\Users\hp\Documents\NetBeansProjects\JavaApplication1\build\classes javaapplication1.Signup

Host: Intel(R) Core(TM) i5-4210M CPU @ 2.60GHz, 4 cores, 7G,  Windows 10 , 64 bit Build 19041 (10.0.19041.2546)
Time: Wed Apr 12 20:13:20 2023 India Standard Time elapsed time: 1.438116 seconds (0d 0h 0m 1s)

---------------  T H R E A D  ---------------

Current thread (0x0000025d43d90130):  JavaThread "C1 CompilerThread0" daemon [_thread_in_native, id=14296, stack(0x000000608d800000,0x000000608d900000)]


Current CompileTask:
C1:   1545 1505       3       sun.java2d.marlin.FloatMath::ceil_int (29 bytes)

Stack: [0x000000608d800000,0x000000608d900000]
Native frames: (J=compiled Java code, j=interpreted, Vv=VM code, C=native code)
V  [jvm.dll+0x6ee8fa]
V  [jvm.dll+0x857a1e]
V  [jvm.dll+0x85940e]
V  [jvm.dll+0x859ac3]
V  [jvm.dll+0x28291f]
V  [jvm.dll+0xc9b5f]
V  [jvm.dll+0xc9ee5]
V  [jvm.dll+0x189da9]
V  [jvm.dll+0x18c3bc]
V  [jvm.dll+0x1989d0]
V  [jvm.dll+0x198acb]
V  [jvm.dll+0x18df51]
V  [jvm.dll+0x18adfe]
V  [jvm.dll+0x178ab0]
V  [jvm.dll+0x1616b7]
V  [jvm.dll+0x161022]
V  [jvm.dll+0x161278]
V  [jvm.dll+0x1606d6]
V  [jvm.dll+0x1623cd]
V  [jvm.dll+0x25b0fa]
V  [jvm.dll+0x259588]
V  [jvm.dll+0x807928]
V  [jvm.dll+0x8015fa]
V  [jvm.dll+0x6ed5eb]
C  [ucrtbase.dll+0x21bb2]
C  [KERNEL32.DLL+0x17614]
C  [ntdll.dll+0x526a1]


---------------  P R O C E S S  ---------------

Threads class SMR info:
_java_thread_list=0x0000025d4824f930, length=18, elements={
0x0000025d43d82780, 0x0000025d43d832b0, 0x0000025d43d88700, 0x0000025d43d89030,
0x0000025d43d89960, 0x0000025d43d8a3d0, 0x0000025d43d8c180, 0x0000025d43d90130,
0x0000025d43db6b00, 0x0000025d4809d3b0, 0x0000025d4809de50, 0x0000025d4809d900,
0x0000025d4809ce60, 0x0000025d4809e3a0, 0x0000025d483db3d0, 0x0000025d4809ae80,
0x0000025d4809b3d0, 0x0000025d4809b920
}

Java Threads: ( => current thread )
  0x0000025d43d82780 JavaThread "Reference Handler" daemon [_thread_blocked, id=21524, stack(0x000000608d100000,0x000000608d200000)]
  0x0000025d43d832b0 JavaThread "Finalizer" daemon [_thread_blocked, id=22296, stack(0x000000608d200000,0x000000608d300000)]
  0x0000025d43d88700 JavaThread "Signal Dispatcher" daemon [_thread_blocked, id=24968, stack(0x000000608d300000,0x000000608d400000)]
  0x0000025d43d89030 JavaThread "Attach Listener" daemon [_thread_blocked, id=18732, stack(0x000000608d400000,0x000000608d500000)]
  0x0000025d43d89960 JavaThread "Service Thread" daemon [_thread_blocked, id=21328, stack(0x000000608d500000,0x000000608d600000)]
  0x0000025d43d8a3d0 JavaThread "Monitor Deflation Thread" daemon [_thread_blocked, id=20732, stack(0x000000608d600000,0x000000608d700000)]
  0x0000025d43d8c180 JavaThread "C2 CompilerThread0" daemon [_thread_in_native, id=16720, stack(0x000000608d700000,0x000000608d800000)]
=>0x0000025d43d90130 JavaThread "C1 CompilerThread0" daemon [_thread_in_native, id=14296, stack(0x000000608d800000,0x000000608d900000)]
  0x0000025d43db6b00 JavaThread "Sweeper thread" daemon [_thread_blocked, id=18820, stack(0x000000608d900000,0x000000608da00000)]
  0x0000025d4809d3b0 JavaThread "Common-Cleaner" daemon [_thread_blocked, id=23740, stack(0x000000608da00000,0x000000608db00000)]
  0x0000025d4809de50 JavaThread "Notification Thread" daemon [_thread_blocked, id=23544, stack(0x000000608db00000,0x000000608dc00000)]
  0x0000025d4809d900 JavaThread "Java2D Disposer" daemon [_thread_blocked, id=20300, stack(0x000000608dd00000,0x000000608de00000)]
  0x0000025d4809ce60 JavaThread "AWT-Shutdown" [_thread_blocked, id=5064, stack(0x000000608de00000,0x000000608df00000)]
  0x0000025d4809e3a0 JavaThread "AWT-Windows" daemon [_thread_in_native, id=7204, stack(0x000000608df00000,0x000000608e000000)]
  0x0000025d483db3d0 JavaThread "C2 CompilerThread1" daemon [_thread_in_native, id=23376, stack(0x000000608e000000,0x000000608e100000)]
  0x0000025d4809ae80 JavaThread "AWT-EventQueue-0" [_thread_in_native, id=7948, stack(0x000000608e100000,0x000000608e200000)]
  0x0000025d4809b3d0 JavaThread "Image Fetcher 0" daemon [_thread_blocked, id=5200, stack(0x000000608e200000,0x000000608e300000)]
  0x0000025d4809b920 JavaThread "DestroyJavaVM" [_thread_blocked, id=21372, stack(0x000000608ca00000,0x000000608cb00000)]

Other Threads:
  0x0000025d43d67680 VMThread "VM Thread" [stack: 0x000000608d000000,0x000000608d100000] [id=12772]
  0x0000025d48197170 WatcherThread "VM Periodic Task Thread" [stack: 0x000000608dc00000,0x000000608dd00000] [id=23896]
  0x0000025d240098f0 WorkerThread "GC Thread#0" [stack: 0x000000608cb00000,0x000000608cc00000] [id=15136]
  0x0000025d48fd5360 WorkerThread "GC Thread#1" [stack: 0x000000608e600000,0x000000608e700000] [id=3572]
  0x0000025d48fd5630 WorkerThread "GC Thread#2" [stack: 0x000000608e700000,0x000000608e800000] [id=6728]
  0x0000025d48fd5900 WorkerThread "GC Thread#3" [stack: 0x000000608e800000,0x000000608e900000] [id=19588]
  0x0000025d2401a290 ConcurrentGCThread "G1 Main Marker" [stack: 0x000000608cc00000,0x000000608cd00000] [id=1352]
  0x0000025d2401b300 WorkerThread "G1 Conc#0" [stack: 0x000000608cd00000,0x000000608ce00000] [id=19956]
  0x0000025d43c210b0 ConcurrentGCThread "G1 Refine#0" [stack: 0x000000608ce00000,0x000000608cf00000] [id=5012]
  0x0000025d43c21a90 ConcurrentGCThread "G1 Service" [stack: 0x000000608cf00000,0x000000608d000000] [id=18464]

Threads with active compile tasks:
C2 CompilerThread0     1737 1464   !   4       sun.font.TrueTypeFont::getTableBuffer (215 bytes)
C1 CompilerThread0     1738 1505       3       sun.java2d.marlin.FloatMath::ceil_int (29 bytes)
C2 CompilerThread1     1738 1512       4       jdk.internal.misc.Unsafe::getByte (7 bytes)

VM state: not at safepoint (normal execution)

VM Mutex/Monitor currently owned by a thread: None

Heap address: 0x0000000083000000, size: 2000 MB, Compressed Oops mode: 32-bit

CDS archive(s) mapped at: [0x0000000800000000-0x0000000800c40000-0x0000000800c40000), size 12845056, SharedBaseAddress: 0x0000000800000000, ArchiveRelocationMode: 0.
Compressed class space mapped at: 0x0000000801000000-0x0000000841000000, reserved size: 1073741824
Narrow klass base: 0x0000000800000000, Narrow klass shift: 0, Narrow klass range: 0x100000000

GC Precious Log:
 CardTable entry size: 512
 Card Set container configuration: InlinePtr #cards 5 size 8 Array Of Cards #cards 12 size 40 Howl #buckets 4 coarsen threshold 1843 Howl Bitmap #cards 512 size 80 coarsen threshold 460 Card regions per heap region 1 cards per card region 2048
 CPUs: 4 total, 4 available
 Memory: 7993M
 Large Page Support: Disabled
 NUMA Support: Disabled
 Compressed Oops: Enabled (32-bit)
 Heap Region Size: 1M
 Heap Min Capacity: 8M
 Heap Initial Capacity: 126M
 Heap Max Capacity: 2000M
 Pre-touch: Disabled
 Parallel Workers: 4
 Concurrent Workers: 1
 Concurrent Refinement Workers: 4
 Periodic GC: Disabled

Heap:
 garbage-first heap   total 129024K, used 15091K [0x0000000083000000, 0x0000000100000000)
  region size 1024K, 10 young (10240K), 2 survivors (2048K)
 Metaspace       used 10515K, committed 10752K, reserved 1114112K
  class space    used 1237K, committed 1344K, reserved 1048576K

Heap Regions: E=young(eden), S=young(survivor), O=old, HS=humongous(starts), HC=humongous(continues), CS=collection set, F=free, OA=open archive, CA=closed archive, TAMS=top-at-mark-start (previous, next)
|   0|0x0000000083000000, 0x0000000083100000, 0x0000000083100000|100%|HS|  |TAMS 0x0000000083000000, 0x0000000083000000| Complete 
|   1|0x0000000083100000, 0x0000000083200000, 0x0000000083200000|100%|HC|  |TAMS 0x0000000083100000, 0x0000000083100000| Complete 
|   2|0x0000000083200000, 0x0000000083300000, 0x0000000083300000|100%|HC|  |TAMS 0x0000000083200000, 0x0000000083200000| Complete 
|   3|0x0000000083300000, 0x0000000083400000, 0x0000000083400000|100%|HC|  |TAMS 0x0000000083300000, 0x0000000083300000| Complete 
|   4|0x0000000083400000, 0x0000000083500000, 0x0000000083500000|100%| O|  |TAMS 0x0000000083400000, 0x0000000083400000| Untracked 
|   5|0x0000000083500000, 0x00000000835bce00, 0x0000000083600000| 73%| O|  |TAMS 0x0000000083500000, 0x0000000083500000| Untracked 
|   6|0x0000000083600000, 0x0000000083600000, 0x0000000083700000|  0%| F|  |TAMS 0x0000000083600000, 0x0000000083600000| Untracked 
|   7|0x0000000083700000, 0x0000000083700000, 0x0000000083800000|  0%| F|  |TAMS 0x0000000083700000, 0x0000000083700000| Untracked 
|   8|0x0000000083800000, 0x0000000083800000, 0x0000000083900000|  0%| F|  |TAMS 0x0000000083800000, 0x0000000083800000| Untracked 
|   9|0x0000000083900000, 0x0000000083900000, 0x0000000083a00000|  0%| F|  |TAMS 0x0000000083900000, 0x0000000083900000| Untracked 
|  10|0x0000000083a00000, 0x0000000083a00000, 0x0000000083b00000|  0%| F|  |TAMS 0x0000000083a00000, 0x0000000083a00000| Untracked 
|  11|0x0000000083b00000, 0x0000000083b00000, 0x0000000083c00000|  0%| F|  |TAMS 0x0000000083b00000, 0x0000000083b00000| Untracked 
|  12|0x0000000083c00000, 0x0000000083c00000, 0x0000000083d00000|  0%| F|  |TAMS 0x0000000083c00000, 0x0000000083c00000| Untracked 
|  13|0x0000000083d00000, 0x0000000083d00000, 0x0000000083e00000|  0%| F|  |TAMS 0x0000000083d00000, 0x0000000083d00000| Untracked 
|  14|0x0000000083e00000, 0x0000000083e00000, 0x0000000083f00000|  0%| F|  |TAMS 0x0000000083e00000, 0x0000000083e00000| Untracked 
|  15|0x0000000083f00000, 0x0000000083f00000, 0x0000000084000000|  0%| F|  |TAMS 0x0000000083f00000, 0x0000000083f00000| Untracked 
|  16|0x0000000084000000, 0x0000000084000000, 0x0000000084100000|  0%| F|  |TAMS 0x0000000084000000, 0x0000000084000000| Untracked 
|  17|0x0000000084100000, 0x0000000084100000, 0x0000000084200000|  0%| F|  |TAMS 0x0000000084100000, 0x0000000084100000| Untracked 
|  18|0x0000000084200000, 0x0000000084200000, 0x0000000084300000|  0%| F|  |TAMS 0x0000000084200000, 0x0000000084200000| Untracked 
|  19|0x0000000084300000, 0x0000000084300000, 0x0000000084400000|  0%| F|  |TAMS 0x0000000084300000, 0x0000000084300000| Untracked 
|  20|0x0000000084400000, 0x0000000084400000, 0x0000000084500000|  0%| F|  |TAMS 0x0000000084400000, 0x0000000084400000| Untracked 
|  21|0x0000000084500000, 0x0000000084500000, 0x0000000084600000|  0%| F|  |TAMS 0x0000000084500000, 0x0000000084500000| Untracked 
|  22|0x0000000084600000, 0x0000000084600000, 0x0000000084700000|  0%| F|  |TAMS 0x0000000084600000, 0x0000000084600000| Untracked 
|  23|0x0000000084700000, 0x0000000084700000, 0x0000000084800000|  0%| F|  |TAMS 0x0000000084700000, 0x0000000084700000| Untracked 
|  24|0x0000000084800000, 0x0000000084800000, 0x0000000084900000|  0%| F|  |TAMS 0x0000000084800000, 0x0000000084800000| Untracked 
|  25|0x0000000084900000, 0x0000000084900000, 0x0000000084a00000|  0%| F|  |TAMS 0x0000000084900000, 0x0000000084900000| Untracked 
|  26|0x0000000084a00000, 0x0000000084a00000, 0x0000000084b00000|  0%| F|  |TAMS 0x0000000084a00000, 0x0000000084a00000| Untracked 
|  27|0x0000000084b00000, 0x0000000084b00000, 0x0000000084c00000|  0%| F|  |TAMS 0x0000000084b00000, 0x0000000084b00000| Untracked 
|  28|0x0000000084c00000, 0x0000000084c00000, 0x0000000084d00000|  0%| F|  |TAMS 0x0000000084c00000, 0x0000000084c00000| Untracked 
|  29|0x0000000084d00000, 0x0000000084d00000, 0x0000000084e00000|  0%| F|  |TAMS 0x0000000084d00000, 0x0000000084d00000| Untracked 
|  30|0x0000000084e00000, 0x0000000084e00000, 0x0000000084f00000|  0%| F|  |TAMS 0x0000000084e00000, 0x0000000084e00000| Untracked 
|  31|0x0000000084f00000, 0x0000000084f00000, 0x0000000085000000|  0%| F|  |TAMS 0x0000000084f00000, 0x0000000084f00000| Untracked 
|  32|0x0000000085000000, 0x0000000085000000, 0x0000000085100000|  0%| F|  |TAMS 0x0000000085000000, 0x0000000085000000| Untracked 
|  33|0x0000000085100000, 0x0000000085100000, 0x0000000085200000|  0%| F|  |TAMS 0x0000000085100000, 0x0000000085100000| Untracked 
|  34|0x0000000085200000, 0x0000000085200000, 0x0000000085300000|  0%| F|  |TAMS 0x0000000085200000, 0x0000000085200000| Untracked 
|  35|0x0000000085300000, 0x0000000085300000, 0x0000000085400000|  0%| F|  |TAMS 0x0000000085300000, 0x0000000085300000| Untracked 
|  36|0x0000000085400000, 0x0000000085400000, 0x0000000085500000|  0%| F|  |TAMS 0x0000000085400000, 0x0000000085400000| Untracked 
|  37|0x0000000085500000, 0x0000000085500000, 0x0000000085600000|  0%| F|  |TAMS 0x0000000085500000, 0x0000000085500000| Untracked 
|  38|0x0000000085600000, 0x0000000085600000, 0x0000000085700000|  0%| F|  |TAMS 0x0000000085600000, 0x0000000085600000| Untracked 
|  39|0x0000000085700000, 0x0000000085700000, 0x0000000085800000|  0%| F|  |TAMS 0x0000000085700000, 0x0000000085700000| Untracked 
|  40|0x0000000085800000, 0x0000000085800000, 0x0000000085900000|  0%| F|  |TAMS 0x0000000085800000, 0x0000000085800000| Untracked 
|  41|0x0000000085900000, 0x0000000085900000, 0x0000000085a00000|  0%| F|  |TAMS 0x0000000085900000, 0x0000000085900000| Untracked 
|  42|0x0000000085a00000, 0x0000000085a00000, 0x0000000085b00000|  0%| F|  |TAMS 0x0000000085a00000, 0x0000000085a00000| Untracked 
|  43|0x0000000085b00000, 0x0000000085b00000, 0x0000000085c00000|  0%| F|  |TAMS 0x0000000085b00000, 0x0000000085b00000| Untracked 
|  44|0x0000000085c00000, 0x0000000085c00000, 0x0000000085d00000|  0%| F|  |TAMS 0x0000000085c00000, 0x0000000085c00000| Untracked 
|  45|0x0000000085d00000, 0x0000000085d00000, 0x0000000085e00000|  0%| F|  |TAMS 0x0000000085d00000, 0x0000000085d00000| Untracked 
|  46|0x0000000085e00000, 0x0000000085e00000, 0x0000000085f00000|  0%| F|  |TAMS 0x0000000085e00000, 0x0000000085e00000| Untracked 
|  47|0x0000000085f00000, 0x0000000085f00000, 0x0000000086000000|  0%| F|  |TAMS 0x0000000085f00000, 0x0000000085f00000| Untracked 
|  48|0x0000000086000000, 0x0000000086000000, 0x0000000086100000|  0%| F|  |TAMS 0x0000000086000000, 0x0000000086000000| Untracked 
|  49|0x0000000086100000, 0x0000000086100000, 0x0000000086200000|  0%| F|  |TAMS 0x0000000086100000, 0x0000000086100000| Untracked 
|  50|0x0000000086200000, 0x0000000086200000, 0x0000000086300000|  0%| F|  |TAMS 0x0000000086200000, 0x0000000086200000| Untracked 
|  51|0x0000000086300000, 0x0000000086300000, 0x0000000086400000|  0%| F|  |TAMS 0x0000000086300000, 0x0000000086300000| Untracked 
|  52|0x0000000086400000, 0x0000000086400000, 0x0000000086500000|  0%| F|  |TAMS 0x0000000086400000, 0x0000000086400000| Untracked 
|  53|0x0000000086500000, 0x0000000086500000, 0x0000000086600000|  0%| F|  |TAMS 0x0000000086500000, 0x0000000086500000| Untracked 
|  54|0x0000000086600000, 0x0000000086600000, 0x0000000086700000|  0%| F|  |TAMS 0x0000000086600000, 0x0000000086600000| Untracked 
|  55|0x0000000086700000, 0x0000000086700000, 0x0000000086800000|  0%| F|  |TAMS 0x0000000086700000, 0x0000000086700000| Untracked 
|  56|0x0000000086800000, 0x0000000086800000, 0x0000000086900000|  0%| F|  |TAMS 0x0000000086800000, 0x0000000086800000| Untracked 
|  57|0x0000000086900000, 0x0000000086900000, 0x0000000086a00000|  0%| F|  |TAMS 0x0000000086900000, 0x0000000086900000| Untracked 
|  58|0x0000000086a00000, 0x0000000086a00000, 0x0000000086b00000|  0%| F|  |TAMS 0x0000000086a00000, 0x0000000086a00000| Untracked 
|  59|0x0000000086b00000, 0x0000000086b00000, 0x0000000086c00000|  0%| F|  |TAMS 0x0000000086b00000, 0x0000000086b00000| Untracked 
|  60|0x0000000086c00000, 0x0000000086c00000, 0x0000000086d00000|  0%| F|  |TAMS 0x0000000086c00000, 0x0000000086c00000| Untracked 
|  61|0x0000000086d00000, 0x0000000086d00000, 0x0000000086e00000|  0%| F|  |TAMS 0x0000000086d00000, 0x0000000086d00000| Untracked 
|  62|0x0000000086e00000, 0x0000000086e00000, 0x0000000086f00000|  0%| F|  |TAMS 0x0000000086e00000, 0x0000000086e00000| Untracked 
|  63|0x0000000086f00000, 0x0000000086f00000, 0x0000000087000000|  0%| F|  |TAMS 0x0000000086f00000, 0x0000000086f00000| Untracked 
|  64|0x0000000087000000, 0x0000000087000000, 0x0000000087100000|  0%| F|  |TAMS 0x0000000087000000, 0x0000000087000000| Untracked 
|  65|0x0000000087100000, 0x0000000087100000, 0x0000000087200000|  0%| F|  |TAMS 0x0000000087100000, 0x0000000087100000| Untracked 
|  66|0x0000000087200000, 0x0000000087200000, 0x0000000087300000|  0%| F|  |TAMS 0x0000000087200000, 0x0000000087200000| Untracked 
|  67|0x0000000087300000, 0x0000000087300000, 0x0000000087400000|  0%| F|  |TAMS 0x0000000087300000, 0x0000000087300000| Untracked 
|  68|0x0000000087400000, 0x0000000087400000, 0x0000000087500000|  0%| F|  |TAMS 0x0000000087400000, 0x0000000087400000| Untracked 
|  69|0x0000000087500000, 0x0000000087500000, 0x0000000087600000|  0%| F|  |TAMS 0x0000000087500000, 0x0000000087500000| Untracked 
|  70|0x0000000087600000, 0x0000000087600000, 0x0000000087700000|  0%| F|  |TAMS 0x0000000087600000, 0x0000000087600000| Untracked 
|  71|0x0000000087700000, 0x0000000087700000, 0x0000000087800000|  0%| F|  |TAMS 0x0000000087700000, 0x0000000087700000| Untracked 
|  72|0x0000000087800000, 0x0000000087800000, 0x0000000087900000|  0%| F|  |TAMS 0x0000000087800000, 0x0000000087800000| Untracked 
|  73|0x0000000087900000, 0x0000000087900000, 0x0000000087a00000|  0%| F|  |TAMS 0x0000000087900000, 0x0000000087900000| Untracked 
|  74|0x0000000087a00000, 0x0000000087a00000, 0x0000000087b00000|  0%| F|  |TAMS 0x0000000087a00000, 0x0000000087a00000| Untracked 
|  75|0x0000000087b00000, 0x0000000087b00000, 0x0000000087c00000|  0%| F|  |TAMS 0x0000000087b00000, 0x0000000087b00000| Untracked 
|  76|0x0000000087c00000, 0x0000000087c00000, 0x0000000087d00000|  0%| F|  |TAMS 0x0000000087c00000, 0x0000000087c00000| Untracked 
|  77|0x0000000087d00000, 0x0000000087d00000, 0x0000000087e00000|  0%| F|  |TAMS 0x0000000087d00000, 0x0000000087d00000| Untracked 
|  78|0x0000000087e00000, 0x0000000087e00000, 0x0000000087f00000|  0%| F|  |TAMS 0x0000000087e00000, 0x0000000087e00000| Untracked 
|  79|0x0000000087f00000, 0x0000000087f00000, 0x0000000088000000|  0%| F|  |TAMS 0x0000000087f00000, 0x0000000087f00000| Untracked 
|  80|0x0000000088000000, 0x0000000088000000, 0x0000000088100000|  0%| F|  |TAMS 0x0000000088000000, 0x0000000088000000| Untracked 
|  81|0x0000000088100000, 0x0000000088100000, 0x0000000088200000|  0%| F|  |TAMS 0x0000000088100000, 0x0000000088100000| Untracked 
|  82|0x0000000088200000, 0x0000000088200000, 0x0000000088300000|  0%| F|  |TAMS 0x0000000088200000, 0x0000000088200000| Untracked 
|  83|0x0000000088300000, 0x0000000088300000, 0x0000000088400000|  0%| F|  |TAMS 0x0000000088300000, 0x0000000088300000| Untracked 
|  84|0x0000000088400000, 0x0000000088400000, 0x0000000088500000|  0%| F|  |TAMS 0x0000000088400000, 0x0000000088400000| Untracked 
|  85|0x0000000088500000, 0x0000000088500000, 0x0000000088600000|  0%| F|  |TAMS 0x0000000088500000, 0x0000000088500000| Untracked 
|  86|0x0000000088600000, 0x0000000088600000, 0x0000000088700000|  0%| F|  |TAMS 0x0000000088600000, 0x0000000088600000| Untracked 
|  87|0x0000000088700000, 0x0000000088700000, 0x0000000088800000|  0%| F|  |TAMS 0x0000000088700000, 0x0000000088700000| Untracked 
|  88|0x0000000088800000, 0x0000000088800000, 0x0000000088900000|  0%| F|  |TAMS 0x0000000088800000, 0x0000000088800000| Untracked 
|  89|0x0000000088900000, 0x0000000088900000, 0x0000000088a00000|  0%| F|  |TAMS 0x0000000088900000, 0x0000000088900000| Untracked 
|  90|0x0000000088a00000, 0x0000000088a00000, 0x0000000088b00000|  0%| F|  |TAMS 0x0000000088a00000, 0x0000000088a00000| Untracked 
|  91|0x0000000088b00000, 0x0000000088b00000, 0x0000000088c00000|  0%| F|  |TAMS 0x0000000088b00000, 0x0000000088b00000| Untracked 
|  92|0x0000000088c00000, 0x0000000088c00000, 0x0000000088d00000|  0%| F|  |TAMS 0x0000000088c00000, 0x0000000088c00000| Untracked 
|  93|0x0000000088d00000, 0x0000000088d00000, 0x0000000088e00000|  0%| F|  |TAMS 0x0000000088d00000, 0x0000000088d00000| Untracked 
|  94|0x0000000088e00000, 0x0000000088e00000, 0x0000000088f00000|  0%| F|  |TAMS 0x0000000088e00000, 0x0000000088e00000| Untracked 
|  95|0x0000000088f00000, 0x0000000088f00000, 0x0000000089000000|  0%| F|  |TAMS 0x0000000088f00000, 0x0000000088f00000| Untracked 
|  96|0x0000000089000000, 0x0000000089000000, 0x0000000089100000|  0%| F|  |TAMS 0x0000000089000000, 0x0000000089000000| Untracked 
|  97|0x0000000089100000, 0x0000000089100000, 0x0000000089200000|  0%| F|  |TAMS 0x0000000089100000, 0x0000000089100000| Untracked 
|  98|0x0000000089200000, 0x0000000089200000, 0x0000000089300000|  0%| F|  |TAMS 0x0000000089200000, 0x0000000089200000| Untracked 
|  99|0x0000000089300000, 0x0000000089300000, 0x0000000089400000|  0%| F|  |TAMS 0x0000000089300000, 0x0000000089300000| Untracked 
| 100|0x0000000089400000, 0x0000000089400000, 0x0000000089500000|  0%| F|  |TAMS 0x0000000089400000, 0x0000000089400000| Untracked 
| 101|0x0000000089500000, 0x0000000089500000, 0x0000000089600000|  0%| F|  |TAMS 0x0000000089500000, 0x0000000089500000| Untracked 
| 102|0x0000000089600000, 0x0000000089600000, 0x0000000089700000|  0%| F|  |TAMS 0x0000000089600000, 0x0000000089600000| Untracked 
| 103|0x0000000089700000, 0x0000000089700000, 0x0000000089800000|  0%| F|  |TAMS 0x0000000089700000, 0x0000000089700000| Untracked 
| 104|0x0000000089800000, 0x0000000089800000, 0x0000000089900000|  0%| F|  |TAMS 0x0000000089800000, 0x0000000089800000| Untracked 
| 105|0x0000000089900000, 0x0000000089900000, 0x0000000089a00000|  0%| F|  |TAMS 0x0000000089900000, 0x0000000089900000| Untracked 
| 106|0x0000000089a00000, 0x0000000089a00000, 0x0000000089b00000|  0%| F|  |TAMS 0x0000000089a00000, 0x0000000089a00000| Untracked 
| 107|0x0000000089b00000, 0x0000000089b00000, 0x0000000089c00000|  0%| F|  |TAMS 0x0000000089b00000, 0x0000000089b00000| Untracked 
| 108|0x0000000089c00000, 0x0000000089c00000, 0x0000000089d00000|  0%| F|  |TAMS 0x0000000089c00000, 0x0000000089c00000| Untracked 
| 109|0x0000000089d00000, 0x0000000089d00000, 0x0000000089e00000|  0%| F|  |TAMS 0x0000000089d00000, 0x0000000089d00000| Untracked 
| 110|0x0000000089e00000, 0x0000000089e00000, 0x0000000089f00000|  0%| F|  |TAMS 0x0000000089e00000, 0x0000000089e00000| Untracked 
| 111|0x0000000089f00000, 0x000000008a000000, 0x000000008a000000|100%| S|CS|TAMS 0x0000000089f00000, 0x0000000089f00000| Complete 
| 112|0x000000008a000000, 0x000000008a100000, 0x000000008a100000|100%| S|CS|TAMS 0x000000008a000000, 0x000000008a000000| Complete 
| 113|0x000000008a100000, 0x000000008a100000, 0x000000008a200000|  0%| F|  |TAMS 0x000000008a100000, 0x000000008a100000| Untracked 
| 114|0x000000008a200000, 0x000000008a200000, 0x000000008a300000|  0%| F|  |TAMS 0x000000008a200000, 0x000000008a200000| Untracked 
| 115|0x000000008a300000, 0x000000008a300000, 0x000000008a400000|  0%| F|  |TAMS 0x000000008a300000, 0x000000008a300000| Untracked 
| 116|0x000000008a400000, 0x000000008a400000, 0x000000008a500000|  0%| F|  |TAMS 0x000000008a400000, 0x000000008a400000| Untracked 
| 117|0x000000008a500000, 0x000000008a500000, 0x000000008a600000|  0%| F|  |TAMS 0x000000008a500000, 0x000000008a500000| Untracked 
| 118|0x000000008a600000, 0x000000008a62a980, 0x000000008a700000| 16%| E|  |TAMS 0x000000008a600000, 0x000000008a600000| Complete 
| 119|0x000000008a700000, 0x000000008a800000, 0x000000008a800000|100%| E|CS|TAMS 0x000000008a700000, 0x000000008a700000| Complete 
| 120|0x000000008a800000, 0x000000008a900000, 0x000000008a900000|100%| E|CS|TAMS 0x000000008a800000, 0x000000008a800000| Complete 
| 121|0x000000008a900000, 0x000000008aa00000, 0x000000008aa00000|100%| E|CS|TAMS 0x000000008a900000, 0x000000008a900000| Complete 
| 122|0x000000008aa00000, 0x000000008ab00000, 0x000000008ab00000|100%| E|CS|TAMS 0x000000008aa00000, 0x000000008aa00000| Complete 
| 123|0x000000008ab00000, 0x000000008ac00000, 0x000000008ac00000|100%| E|CS|TAMS 0x000000008ab00000, 0x000000008ab00000| Complete 
| 124|0x000000008ac00000, 0x000000008ad00000, 0x000000008ad00000|100%| E|CS|TAMS 0x000000008ac00000, 0x000000008ac00000| Complete 
| 125|0x000000008ad00000, 0x000000008ae00000, 0x000000008ae00000|100%| E|CS|TAMS 0x000000008ad00000, 0x000000008ad00000| Complete 

Card table byte_map: [0x0000025d3d110000,0x0000025d3d500000] _byte_map_base: 0x0000025d3ccf8000

Marking Bits (Prev, Next): (CMBitMap*) 0x0000025d24009dc0, (CMBitMap*) 0x0000025d24009e00
 Prev Bits: [0x0000025d3d8f0000, 0x0000025d3f830000)
 Next Bits: [0x0000025d3f830000, 0x0000025d41770000)

Polling page: 0x0000025d23d90000

Metaspace:

Usage:
  Non-class:      9.06 MB used.
      Class:      1.21 MB used.
       Both:     10.27 MB used.

Virtual space:
  Non-class space:       64.00 MB reserved,       9.19 MB ( 14%) committed,  1 nodes.
      Class space:        1.00 GB reserved,       1.31 MB ( <1%) committed,  1 nodes.
             Both:        1.06 GB reserved,      10.50 MB ( <1%) committed. 

Chunk freelists:
   Non-Class:  2.48 MB
       Class:  2.72 MB
        Both:  5.20 MB

MaxMetaspaceSize: unlimited
CompressedClassSpaceSize: 1.00 GB
Initial GC threshold: 21.00 MB
Current GC threshold: 21.00 MB
CDS: on
MetaspaceReclaimPolicy: balanced
 - commit_granule_bytes: 65536.
 - commit_granule_words: 8192.
 - virtual_space_node_default_size: 8388608.
 - enlarge_chunks_in_place: 1.
 - new_chunks_are_fully_committed: 0.
 - uncommit_free_chunks: 1.
 - use_allocation_guard: 0.


Internal statistics:

num_allocs_failed_limit: 0.
num_arena_births: 166.
num_arena_deaths: 0.
num_vsnodes_births: 2.
num_vsnodes_deaths: 0.
num_space_committed: 168.
num_space_uncommitted: 0.
num_chunks_returned_to_freelist: 0.
num_chunks_taken_from_freelist: 205.
num_chunk_merges: 0.
num_chunk_splits: 138.
num_chunks_enlarged: 90.
num_inconsistent_stats: 0.

CodeHeap 'non-profiled nmethods': size=120000Kb used=460Kb max_used=460Kb free=119539Kb
 bounds [0x0000025d351d0000, 0x0000025d35440000, 0x0000025d3c700000]
CodeHeap 'profiled nmethods': size=120000Kb used=2447Kb max_used=2447Kb free=117552Kb
 bounds [0x0000025d2d700000, 0x0000025d2d970000, 0x0000025d34c30000]
CodeHeap 'non-nmethods': size=5760Kb used=1407Kb max_used=1420Kb free=4352Kb
 bounds [0x0000025d34c30000, 0x0000025d34ea0000, 0x0000025d351d0000]
 total_blobs=2168 nmethods=1503 adapters=576
 compilation: enabled
              stopped_count=0, restarted_count=0
 full_count=0

Compilation events (20 events):
Event: 1.376 Thread 0x0000025d43d90130 1496       3       jdk.internal.misc.Unsafe::getInt (7 bytes)
Event: 1.377 Thread 0x0000025d43d90130 nmethod 1496 0x0000025d2d961910 code [0x0000025d2d961aa0, 0x0000025d2d961bb8]
Event: 1.377 Thread 0x0000025d483db3d0 1497       4       jdk.internal.misc.Unsafe::getInt (7 bytes)
Event: 1.377 Thread 0x0000025d483db3d0 nmethod 1497 0x0000025d35242810 code [0x0000025d35242980, 0x0000025d352429f8]
Event: 1.377 Thread 0x0000025d43d90130 1498       3       jdk.internal.misc.Unsafe::getByte (7 bytes)
Event: 1.378 Thread 0x0000025d43d90130 nmethod 1498 0x0000025d2d961c90 code [0x0000025d2d961e20, 0x0000025d2d961f38]
Event: 1.378 Thread 0x0000025d43d90130 1499       3       sun.awt.SunToolkit::setSystemGenerated (10 bytes)
Event: 1.378 Thread 0x0000025d43d90130 nmethod 1499 0x0000025d2d962010 code [0x0000025d2d962240, 0x0000025d2d9627d8]
Event: 1.378 Thread 0x0000025d43d90130 1500       3       sun.awt.AWTAccessor::getAWTEventAccessor (15 bytes)
Event: 1.379 Thread 0x0000025d43d90130 nmethod 1500 0x0000025d2d962b10 code [0x0000025d2d962d20, 0x0000025d2d963198]
Event: 1.380 Thread 0x0000025d43d90130 1501       3       java.nio.Buffer::clear (20 bytes)
Event: 1.380 Thread 0x0000025d43d90130 nmethod 1501 0x0000025d2d963410 code [0x0000025d2d9635a0, 0x0000025d2d9636b8]
Event: 1.381 Thread 0x0000025d483db3d0 1502       4       java.util.Arrays::binarySearch0 (95 bytes)
Event: 1.381 Thread 0x0000025d43d90130 1503       3       java.awt.Rectangle::<init> (26 bytes)
Event: 1.381 Thread 0x0000025d43d90130 nmethod 1503 0x0000025d2d963790 code [0x0000025d2d963940, 0x0000025d2d963b78]
Event: 1.381 Thread 0x0000025d43d90130 1505       3       sun.java2d.marlin.FloatMath::ceil_int (29 bytes)
Event: 1.384 Thread 0x0000025d483db3d0 nmethod 1502 0x0000025d35242b10 code [0x0000025d35242ca0, 0x0000025d35242e98]
Event: 1.384 Thread 0x0000025d483db3d0 1504       4       jdk.internal.misc.Unsafe::putInt (8 bytes)
Event: 1.385 Thread 0x0000025d483db3d0 nmethod 1504 0x0000025d35243090 code [0x0000025d35243200, 0x0000025d35243278]
Event: 1.392 Thread 0x0000025d483db3d0 1512       4       jdk.internal.misc.Unsafe::getByte (7 bytes)

GC Heap History (2 events):
Event: 1.188 GC heap before
{Heap before GC invocations=0 (full 0):
 garbage-first heap   total 129024K, used 17408K [0x0000000083000000, 0x0000000100000000)
  region size 1024K, 13 young (13312K), 0 survivors (0K)
 Metaspace       used 9952K, committed 10176K, reserved 1114112K
  class space    used 1188K, committed 1280K, reserved 1048576K
}
Event: 1.195 GC heap after
{Heap after GC invocations=1 (full 0):
 garbage-first heap   total 129024K, used 7923K [0x0000000083000000, 0x0000000100000000)
  region size 1024K, 2 young (2048K), 2 survivors (2048K)
 Metaspace       used 9952K, committed 10176K, reserved 1114112K
  class space    used 1188K, committed 1280K, reserved 1048576K
}

Dll operation events (10 events):
Event: 0.012 Loaded shared library C:\Program Files\Java\jdk-19\bin\java.dll
Event: 0.025 Loaded shared library C:\Program Files\Java\jdk-19\bin\jsvml.dll
Event: 0.100 Loaded shared library C:\Program Files\Java\jdk-19\bin\net.dll
Event: 0.104 Loaded shared library C:\Program Files\Java\jdk-19\bin\nio.dll
Event: 0.139 Loaded shared library C:\Program Files\Java\jdk-19\bin\zip.dll
Event: 0.166 Loaded shared library C:\Program Files\Java\jdk-19\bin\jimage.dll
Event: 0.187 Loaded shared library C:\Program Files\Java\jdk-19\bin\awt.dll
Event: 0.413 Loaded shared library C:\Program Files\Java\jdk-19\bin\verify.dll
Event: 0.536 Loaded shared library C:\Program Files\Java\jdk-19\bin\freetype.dll
Event: 0.539 Loaded shared library C:\Program Files\Java\jdk-19\bin\fontmanager.dll

Deoptimization events (20 events):
Event: 0.932 Thread 0x0000025d4809ae80 DEOPT PACKING pc=0x0000025d2d71cf67 sp=0x000000608e1fcfb0
Event: 0.932 Thread 0x0000025d4809ae80 DEOPT UNPACKING pc=0x0000025d34c97543 sp=0x000000608e1fc3d0 mode 0
Event: 1.035 Thread 0x0000025d4809ae80 DEOPT PACKING pc=0x0000025d2d7082d1 sp=0x000000608e1fd000
Event: 1.035 Thread 0x0000025d4809ae80 DEOPT UNPACKING pc=0x0000025d34c97543 sp=0x000000608e1fc478 mode 0
Event: 1.245 Thread 0x0000025d4809ae80 Uncommon trap: trap_request=0xffffff45 fr.pc=0x0000025d351daeb4 relative=0x0000000000000094
Event: 1.245 Thread 0x0000025d4809ae80 Uncommon trap: reason=unstable_if action=reinterpret pc=0x0000025d351daeb4 method=java.lang.String.isLatin1()Z @ 10 c2
Event: 1.245 Thread 0x0000025d4809ae80 DEOPT PACKING pc=0x0000025d351daeb4 sp=0x000000608e1fd1f0
Event: 1.245 Thread 0x0000025d4809ae80 DEOPT UNPACKING pc=0x0000025d34c96da3 sp=0x000000608e1fd120 mode 2
Event: 1.279 Thread 0x0000025d4809ae80 Uncommon trap: trap_request=0xffffff45 fr.pc=0x0000025d3523c098 relative=0x00000000000003d8
Event: 1.279 Thread 0x0000025d4809ae80 Uncommon trap: reason=unstable_if action=reinterpret pc=0x0000025d3523c098 method=java.lang.Character.isSurrogate(C)Z @ 3 c2
Event: 1.279 Thread 0x0000025d4809ae80 DEOPT PACKING pc=0x0000025d3523c098 sp=0x000000608e1fcec0
Event: 1.279 Thread 0x0000025d4809ae80 DEOPT UNPACKING pc=0x0000025d34c96da3 sp=0x000000608e1fcdd8 mode 2
Event: 1.347 Thread 0x0000025d4809ae80 Uncommon trap: trap_request=0xffffff45 fr.pc=0x0000025d35216f78 relative=0x00000000000000d8
Event: 1.347 Thread 0x0000025d4809ae80 Uncommon trap: reason=unstable_if action=reinterpret pc=0x0000025d35216f78 method=java.lang.ref.SoftReference.get()Ljava/lang/Object; @ 17 c2
Event: 1.347 Thread 0x0000025d4809ae80 DEOPT PACKING pc=0x0000025d35216f78 sp=0x000000608e1fd710
Event: 1.347 Thread 0x0000025d4809ae80 DEOPT UNPACKING pc=0x0000025d34c96da3 sp=0x000000608e1fd6c8 mode 2
Event: 1.369 Thread 0x0000025d4809ae80 Uncommon trap: trap_request=0xffffff45 fr.pc=0x0000025d3523acbc relative=0x000000000000011c
Event: 1.369 Thread 0x0000025d4809ae80 Uncommon trap: reason=unstable_if action=reinterpret pc=0x0000025d3523acbc method=java.lang.ThreadLocal$ThreadLocalMap.getEntry(Ljava/lang/ThreadLocal;)Ljava/lang/ThreadLocal$ThreadLocalMap$Entry; @ 21 c2
Event: 1.369 Thread 0x0000025d4809ae80 DEOPT PACKING pc=0x0000025d3523acbc sp=0x000000608e1fd720
Event: 1.369 Thread 0x0000025d4809ae80 DEOPT UNPACKING pc=0x0000025d34c96da3 sp=0x000000608e1fd640 mode 2

Classes loaded (20 events):
Event: 1.412 Loading class java/awt/Container$MouseEventTargetFilter done
Event: 1.412 Loading class java/awt/LightweightDispatcher$1
Event: 1.412 Loading class java/awt/LightweightDispatcher$1 done
Event: 1.412 Loading class java/awt/im/InputContext
Event: 1.412 Loading class java/awt/im/InputContext done
Event: 1.412 Loading class sun/awt/im/InputMethodContext
Event: 1.412 Loading class java/awt/im/spi/InputMethodContext
Event: 1.412 Loading class java/awt/im/InputMethodRequests
Event: 1.412 Loading class java/awt/im/InputMethodRequests done
Event: 1.412 Loading class java/awt/im/spi/InputMethodContext done
Event: 1.412 Loading class sun/awt/im/InputContext
Event: 1.413 Loading class sun/awt/im/InputContext done
Event: 1.413 Loading class sun/awt/im/InputMethodContext done
Event: 1.413 Loading class sun/awt/windows/WInputMethod
Event: 1.413 Loading class sun/awt/im/InputMethodAdapter
Event: 1.413 Loading class java/awt/im/spi/InputMethod
Event: 1.413 Loading class java/awt/im/spi/InputMethod done
Event: 1.413 Loading class sun/awt/im/InputMethodAdapter done
Event: 1.413 Loading class sun/awt/windows/WInputMethod done
Event: 1.414 Loading class java/awt/event/MouseWheelEvent

Classes unloaded (0 events):
No events

Classes redefined (0 events):
No events

Internal exceptions (19 events):
Event: 0.106 Thread 0x0000025d23fa9ee0 Exception <a 'sun/nio/fs/WindowsException'{0x000000008ac40b80}> (0x000000008ac40b80) 
thrown [s\open\src\hotspot\share\prims\jni.cpp, line 517]
Event: 0.106 Thread 0x0000025d23fa9ee0 Exception <a 'sun/nio/fs/WindowsException'{0x000000008ac410c0}> (0x000000008ac410c0) 
thrown [s\open\src\hotspot\share\prims\jni.cpp, line 517]
Event: 0.109 Thread 0x0000025d23fa9ee0 Exception <a 'sun/nio/fs/WindowsException'{0x000000008ac86028}> (0x000000008ac86028) 
thrown [s\open\src\hotspot\share\prims\jni.cpp, line 517]
Event: 0.109 Thread 0x0000025d23fa9ee0 Exception <a 'sun/nio/fs/WindowsException'{0x000000008ac86ac8}> (0x000000008ac86ac8) 
thrown [s\open\src\hotspot\share\prims\jni.cpp, line 517]
Event: 0.109 Thread 0x0000025d23fa9ee0 Exception <a 'sun/nio/fs/WindowsException'{0x000000008ac875c8}> (0x000000008ac875c8) 
thrown [s\open\src\hotspot\share\prims\jni.cpp, line 517]
Event: 0.173 Thread 0x0000025d23fa9ee0 Exception <a 'java/lang/ClassNotFoundException'{0x000000008ab5b238}: sun/awt/resources/spi/awtProvider> (0x000000008ab5b238) 
thrown [s\open\src\hotspot\share\classfile\systemDictionary.cpp, line 255]
Event: 0.205 Thread 0x0000025d23fa9ee0 Exception <a 'java/io/FileNotFoundException'{0x000000008abb2a90}> (0x000000008abb2a90) 
thrown [s\open\src\hotspot\share\prims\jni.cpp, line 517]
Event: 0.215 Thread 0x0000025d23fa9ee0 Exception <a 'java/io/FileNotFoundException'{0x000000008abdf1d8}> (0x000000008abdf1d8) 
thrown [s\open\src\hotspot\share\prims\jni.cpp, line 517]
Event: 0.267 Thread 0x0000025d23fa9ee0 Exception <a 'java/lang/NoSuchMethodError'{0x000000008aa245d0}: 'java.lang.Object java.lang.invoke.DirectMethodHandle$Holder.invokeStaticInit(java.lang.Object)'> (0x000000008aa245d0) 
thrown [s\open\src\hotspot\share\interpreter\linkResolver.cpp, line 774]
Event: 0.311 Thread 0x0000025d23fa9ee0 Exception <a 'java/lang/NoSuchMethodError'{0x000000008aafe248}: 'void java.lang.invoke.DirectMethodHandle$Holder.invokeSpecial(java.lang.Object, java.lang.Object, java.lang.Object)'> (0x000000008aafe248) 
thrown [s\open\src\hotspot\share\interpreter\linkResolver.cpp, line 774]
Event: 0.322 Thread 0x0000025d23fa9ee0 Exception <a 'java/lang/NoSuchMethodError'{0x000000008a929410}: 'java.lang.Object java.lang.invoke.DirectMethodHandle$Holder.newInvokeSpecial(java.lang.Object, java.lang.Object, java.lang.Object, java.lang.Object, java.lang.Object)'> (0x000000008a929410) 
thrown [s\open\src\hotspot\share\interpreter\linkResolver.cpp, line 774]
Event: 0.331 Thread 0x0000025d23fa9ee0 Exception <a 'java/lang/NoSuchMethodError'{0x000000008a95ad38}: 'java.lang.Object java.lang.invoke.DirectMethodHandle$Holder.invokeStatic(java.lang.Object, int, java.lang.Object)'> (0x000000008a95ad38) 
thrown [s\open\src\hotspot\share\interpreter\linkResolver.cpp, line 774]
Event: 0.366 Thread 0x0000025d23fa9ee0 Exception <a 'java/lang/ClassNotFoundException'{0x000000008a816f48}: com/sun/swing/internal/plaf/metal/resources/spi/metalProvider> (0x000000008a816f48) 
thrown [s\open\src\hotspot\share\classfile\systemDictionary.cpp, line 255]
Event: 0.367 Thread 0x0000025d23fa9ee0 Exception <a 'java/lang/ClassNotFoundException'{0x000000008a81af18}: com/sun/swing/internal/plaf/basic/resources/spi/basicProvider> (0x000000008a81af18) 
thrown [s\open\src\hotspot\share\classfile\systemDictionary.cpp, line 255]
Event: 0.378 Thread 0x0000025d23fa9ee0 Exception <a 'java/lang/NoSuchMethodError'{0x000000008a83abd8}: 'int java.lang.invoke.Invokers$Holder.invokeExact_MT(java.lang.Object, java.lang.Object)'> (0x000000008a83abd8) 
thrown [s\open\src\hotspot\share\interpreter\linkResolver.cpp, line 774]
Event: 0.712 Thread 0x0000025d4809b3d0 Exception <a 'java/lang/NoSuchMethodError'{0x000000008a49a618}: 'java.lang.Object java.lang.invoke.DirectMethodHandle$Holder.newInvokeSpecial(java.lang.Object, java.lang.Object, java.lang.Object, int, int, int, int, int)'> (0x000000008a49a618) 
thrown [s\open\src\hotspot\share\interpreter\linkResolver.cpp, line 774]
Event: 0.739 Thread 0x0000025d4809e3a0 Exception <a 'java/lang/NoSuchMethodError'{0x000000008aa955a0}: 'void java.lang.invoke.DirectMethodHandle$Holder.invokeVirtual(java.lang.Object, java.lang.Object)'> (0x000000008aa955a0) 
thrown [s\open\src\hotspot\share\interpreter\linkResolver.cpp, line 774]
Event: 0.758 Thread 0x0000025d23fa9ee0 Exception <a 'java/lang/NoSuchMethodError'{0x000000008a4d7cc8}: 'void java.lang.invoke.DirectMethodHandle$Holder.invokeStaticInit(java.lang.Object)'> (0x000000008a4d7cc8) 
thrown [s\open\src\hotspot\share\interpreter\linkResolver.cpp, line 774]
Event: 1.369 Thread 0x0000025d4809ae80 Implicit null exception at 0x0000025d3523abff to 0x0000025d3523ac9c

VM Operations (18 events):
Event: 0.111 Executing VM operation: HandshakeAllThreads
Event: 0.111 Executing VM operation: HandshakeAllThreads done
Event: 0.227 Executing VM operation: HandshakeAllThreads
Event: 0.227 Executing VM operation: HandshakeAllThreads done
Event: 0.407 Executing VM operation: HandshakeAllThreads
Event: 0.407 Executing VM operation: HandshakeAllThreads done
Event: 0.476 Executing VM operation: HandshakeAllThreads
Event: 0.476 Executing VM operation: HandshakeAllThreads done
Event: 0.595 Executing VM operation: HandshakeAllThreads
Event: 0.595 Executing VM operation: HandshakeAllThreads done
Event: 0.700 Executing VM operation: HandshakeAllThreads
Event: 0.701 Executing VM operation: HandshakeAllThreads done
Event: 0.726 Executing VM operation: ICBufferFull
Event: 0.726 Executing VM operation: ICBufferFull done
Event: 0.839 Executing VM operation: HandshakeAllThreads
Event: 0.840 Executing VM operation: HandshakeAllThreads done
Event: 1.188 Executing VM operation: G1CollectForAllocation
Event: 1.195 Executing VM operation: G1CollectForAllocation done

Events (20 events):
Event: 0.026 Thread 0x0000025d23fa9ee0 Thread added: 0x0000025d23fa9ee0
Event: 0.046 Thread 0x0000025d43d82780 Thread added: 0x0000025d43d82780
Event: 0.047 Thread 0x0000025d43d832b0 Thread added: 0x0000025d43d832b0
Event: 0.047 Thread 0x0000025d43d88700 Thread added: 0x0000025d43d88700
Event: 0.047 Thread 0x0000025d43d89030 Thread added: 0x0000025d43d89030
Event: 0.047 Thread 0x0000025d43d89960 Thread added: 0x0000025d43d89960
Event: 0.047 Thread 0x0000025d43d8a3d0 Thread added: 0x0000025d43d8a3d0
Event: 0.047 Thread 0x0000025d43d8c180 Thread added: 0x0000025d43d8c180
Event: 0.047 Thread 0x0000025d43d90130 Thread added: 0x0000025d43d90130
Event: 0.048 Thread 0x0000025d43db6b00 Thread added: 0x0000025d43db6b00
Event: 0.081 Thread 0x0000025d4809d3b0 Thread added: 0x0000025d4809d3b0
Event: 0.129 Thread 0x0000025d4809de50 Thread added: 0x0000025d4809de50
Event: 0.268 Thread 0x0000025d4809d900 Thread added: 0x0000025d4809d900
Event: 0.269 Thread 0x0000025d4809ce60 Thread added: 0x0000025d4809ce60
Event: 0.271 Thread 0x0000025d4809e3a0 Thread added: 0x0000025d4809e3a0
Event: 0.507 Thread 0x0000025d483db3d0 Thread added: 0x0000025d483db3d0
Event: 0.594 Thread 0x0000025d4809ae80 Thread added: 0x0000025d4809ae80
Event: 0.706 Thread 0x0000025d4809b3d0 Thread added: 0x0000025d4809b3d0
Event: 0.837 Thread 0x0000025d23fa9ee0 Thread exited: 0x0000025d23fa9ee0
Event: 0.837 Thread 0x0000025d4809b920 Thread added: 0x0000025d4809b920


Dynamic libraries:
0x00007ff7d73d0000 - 0x00007ff7d73e0000 	C:\Program Files\Java\jdk-19\bin\java.exe
0x00007ffc699b0000 - 0x00007ffc69ba8000 	C:\WINDOWS\SYSTEM32\ntdll.dll
0x00007ffc69290000 - 0x00007ffc6934f000 	C:\WINDOWS\System32\KERNEL32.DLL
0x00007ffc67520000 - 0x00007ffc677f2000 	C:\WINDOWS\System32\KERNELBASE.dll
0x00007ffc67180000 - 0x00007ffc67280000 	C:\WINDOWS\System32\ucrtbase.dll
0x00007ffc42300000 - 0x00007ffc42318000 	C:\Program Files\Java\jdk-19\bin\jli.dll
0x00007ffc3a6d0000 - 0x00007ffc3a6eb000 	C:\Program Files\Java\jdk-19\bin\VCRUNTIME140.dll
0x00007ffc691e0000 - 0x00007ffc6928e000 	C:\WINDOWS\System32\ADVAPI32.dll
0x00007ffc68380000 - 0x00007ffc6841e000 	C:\WINDOWS\System32\msvcrt.dll
0x00007ffc68970000 - 0x00007ffc68a0c000 	C:\WINDOWS\System32\sechost.dll
0x00007ffc69840000 - 0x00007ffc69964000 	C:\WINDOWS\System32\RPCRT4.dll
0x00007ffc69690000 - 0x00007ffc69831000 	C:\WINDOWS\System32\USER32.dll
0x00007ffc67150000 - 0x00007ffc67172000 	C:\WINDOWS\System32\win32u.dll
0x00007ffc68800000 - 0x00007ffc6882b000 	C:\WINDOWS\System32\GDI32.dll
0x00007ffc67280000 - 0x00007ffc6738f000 	C:\WINDOWS\System32\gdi32full.dll
0x00007ffc670b0000 - 0x00007ffc6714d000 	C:\WINDOWS\System32\msvcp_win.dll
0x00007ffc529d0000 - 0x00007ffc52c6a000 	C:\WINDOWS\WinSxS\amd64_microsoft.windows.common-controls_6595b64144ccf1df_6.0.19041.1110_none_60b5254171f9507e\COMCTL32.dll
0x00007ffc551a0000 - 0x00007ffc551aa000 	C:\WINDOWS\SYSTEM32\VERSION.dll
0x00007ffc687d0000 - 0x00007ffc68800000 	C:\WINDOWS\System32\IMM32.DLL
0x00007ffc3a6b0000 - 0x00007ffc3a6bc000 	C:\Program Files\Java\jdk-19\bin\vcruntime140_1.dll
0x00007ffc37540000 - 0x00007ffc375ce000 	C:\Program Files\Java\jdk-19\bin\msvcp140.dll
0x00007ffc379e0000 - 0x00007ffc386a0000 	C:\Program Files\Java\jdk-19\bin\server\jvm.dll
0x00007ffc3a6c0000 - 0x00007ffc3a6c9000 	C:\WINDOWS\SYSTEM32\WSOCK32.dll
0x00007ffc5f830000 - 0x00007ffc5f857000 	C:\WINDOWS\SYSTEM32\WINMM.dll
0x00007ffc68440000 - 0x00007ffc684ab000 	C:\WINDOWS\System32\WS2_32.dll
0x00007ffc64e40000 - 0x00007ffc64e52000 	C:\WINDOWS\SYSTEM32\kernel.appcore.dll
0x00007ffc3a660000 - 0x00007ffc3a66a000 	C:\Program Files\Java\jdk-19\bin\jimage.dll
0x00007ffc558b0000 - 0x00007ffc55a94000 	C:\WINDOWS\SYSTEM32\DBGHELP.DLL
0x00007ffc55450000 - 0x00007ffc55485000 	C:\WINDOWS\SYSTEM32\dbgcore.DLL
0x00007ffc67970000 - 0x00007ffc679f2000 	C:\WINDOWS\System32\bcryptPrimitives.dll
0x00007ffc379b0000 - 0x00007ffc379d6000 	C:\Program Files\Java\jdk-19\bin\java.dll
0x00007ffc378d0000 - 0x00007ffc379a7000 	C:\Program Files\Java\jdk-19\bin\jsvml.dll
0x00007ffc67bb0000 - 0x00007ffc682f5000 	C:\WINDOWS\System32\SHELL32.dll
0x00007ffc65170000 - 0x00007ffc65902000 	C:\WINDOWS\SYSTEM32\windows.storage.dll
0x00007ffc68e80000 - 0x00007ffc691d5000 	C:\WINDOWS\System32\combase.dll
0x00007ffc66b10000 - 0x00007ffc66b40000 	C:\WINDOWS\SYSTEM32\Wldp.dll
0x00007ffc684b0000 - 0x00007ffc6855d000 	C:\WINDOWS\System32\SHCORE.dll
0x00007ffc695c0000 - 0x00007ffc69615000 	C:\WINDOWS\System32\shlwapi.dll
0x00007ffc66ff0000 - 0x00007ffc6700f000 	C:\WINDOWS\SYSTEM32\profapi.dll
0x00007ffc377d0000 - 0x00007ffc377e3000 	C:\Program Files\Java\jdk-19\bin\net.dll
0x00007ffc5db60000 - 0x00007ffc5dc6a000 	C:\WINDOWS\SYSTEM32\WINHTTP.dll
0x00007ffc66870000 - 0x00007ffc668da000 	C:\WINDOWS\system32\mswsock.dll
0x00007ffc377b0000 - 0x00007ffc377c6000 	C:\Program Files\Java\jdk-19\bin\nio.dll
0x00007ffc37790000 - 0x00007ffc377a8000 	C:\Program Files\Java\jdk-19\bin\zip.dll
0x00007ffc375d0000 - 0x00007ffc37761000 	C:\Program Files\Java\jdk-19\bin\awt.dll
0x00007ffc68890000 - 0x00007ffc6895d000 	C:\WINDOWS\System32\OLEAUT32.dll
0x00007ffc646a0000 - 0x00007ffc64730000 	C:\WINDOWS\SYSTEM32\apphelp.dll
0x00007ffc64e80000 - 0x00007ffc64eaf000 	C:\WINDOWS\system32\DWMAPI.DLL
0x00007ffc64bd0000 - 0x00007ffc64c6e000 	C:\WINDOWS\system32\uxtheme.dll
0x00007ffc4c550000 - 0x00007ffc4c675000 	C:\WINDOWS\system32\opengl32.dll
0x00007ffc4cf00000 - 0x00007ffc4cf2c000 	C:\WINDOWS\SYSTEM32\GLU32.dll
0x00007ffc69410000 - 0x00007ffc69524000 	C:\WINDOWS\System32\MSCTF.dll
0x00007ffc686a0000 - 0x00007ffc687ca000 	C:\WINDOWS\System32\ole32.dll
0x00007ffc37780000 - 0x00007ffc37790000 	C:\Program Files\Java\jdk-19\bin\verify.dll
0x00007ffc3a990000 - 0x00007ffc3aa16000 	C:\Program Files\Java\jdk-19\bin\freetype.dll
0x00007ffc3a8c0000 - 0x00007ffc3a985000 	C:\Program Files\Java\jdk-19\bin\fontmanager.dll
0x00007ffc69360000 - 0x00007ffc69409000 	C:\WINDOWS\System32\clbcatq.dll
0x00007ffc5d200000 - 0x00007ffc5d3b4000 	C:\WINDOWS\SYSTEM32\WindowsCodecs.dll
0x00007ffc67390000 - 0x00007ffc673b7000 	C:\WINDOWS\System32\bcrypt.dll
0x00007ffc4aab0000 - 0x00007ffc4aaee000 	C:\WINDOWS\system32\dataexchange.dll
0x00007ffc62d80000 - 0x00007ffc62f63000 	C:\WINDOWS\system32\dcomp.dll
0x00007ffc63990000 - 0x00007ffc63bf3000 	C:\WINDOWS\system32\d3d11.dll
0x00007ffc65970000 - 0x00007ffc65a63000 	C:\WINDOWS\system32\dxgi.dll
0x00007ffc5ee10000 - 0x00007ffc5f010000 	C:\WINDOWS\system32\twinapi.appcore.dll
0x00007ffc5cda0000 - 0x00007ffc5ce99000 	C:\WINDOWS\SYSTEM32\textinputframework.dll
0x00007ffc64480000 - 0x00007ffc64572000 	C:\WINDOWS\System32\CoreMessaging.dll
0x00007ffc64120000 - 0x00007ffc6447e000 	C:\WINDOWS\System32\CoreUIComponents.dll
0x00007ffc66240000 - 0x00007ffc66273000 	C:\WINDOWS\SYSTEM32\ntmarta.dll
0x00007ffc63f90000 - 0x00007ffc640e4000 	C:\WINDOWS\SYSTEM32\wintypes.dll

dbghelp: loaded successfully - version: 4.0.5 - missing functions: none
symbol engine: initialized successfully - sym options: 0x614 - pdb path: .;C:\Program Files\Java\jdk-19\bin;C:\WINDOWS\SYSTEM32;C:\WINDOWS\WinSxS\amd64_microsoft.windows.common-controls_6595b64144ccf1df_6.0.19041.1110_none_60b5254171f9507e;C:\Program Files\Java\jdk-19\bin\server

VM Arguments:
jvm_args: -Dfile.encoding=UTF-8 --module-path=C:\Users\hp\Documents\NetBeansProjects\JavaApplication1\build\classes 
java_command: javaapplication1.Signup
java_class_path (initial): E:\Java Programs\jcalendar-tz-1.3.3-4.jar;C:\Users\hp\Downloads\mysql-connector-java-8.0.28.jar;C:\Users\hp\Documents\NetBeansProjects\JavaApplication1\build\classes
Launcher Type: SUN_STANDARD

[Global flags]
     intx CICompilerCount                          = 3                                         {product} {ergonomic}
     uint ConcGCThreads                            = 1                                         {product} {ergonomic}
     uint G1ConcRefinementThreads                  = 4                                         {product} {ergonomic}
   size_t G1HeapRegionSize                         = 1048576                                   {product} {ergonomic}
    uintx GCDrainStackTargetSize                   = 64                                        {product} {ergonomic}
   size_t InitialHeapSize                          = 132120576                                 {product} {ergonomic}
   size_t MarkStackSize                            = 4194304                                   {product} {ergonomic}
   size_t MaxHeapSize                              = 2097152000                                {product} {ergonomic}
   size_t MaxNewSize                               = 1258291200                                {product} {ergonomic}
   size_t MinHeapDeltaBytes                        = 1048576                                   {product} {ergonomic}
   size_t MinHeapSize                              = 8388608                                   {product} {ergonomic}
    uintx NonNMethodCodeHeapSize                   = 5832780                                {pd product} {ergonomic}
    uintx NonProfiledCodeHeapSize                  = 122912730                              {pd product} {ergonomic}
    uintx ProfiledCodeHeapSize                     = 122912730                              {pd product} {ergonomic}
    uintx ReservedCodeCacheSize                    = 251658240                              {pd product} {ergonomic}
     bool SegmentedCodeCache                       = true                                      {product} {ergonomic}
   size_t SoftMaxHeapSize                          = 2097152000                             {manageable} {ergonomic}
     bool UseCompressedClassPointers               = true                           {product lp64_product} {ergonomic}
     bool UseCompressedOops                        = true                           {product lp64_product} {ergonomic}
     bool UseG1GC                                  = true                                      {product} {ergonomic}
     bool UseLargePagesIndividualAllocation        = false                                  {pd product} {ergonomic}

Logging:
Log output configuration:
 #0: stdout all=warning uptime,level,tags foldmultilines=false
 #1: stderr all=off uptime,level,tags foldmultilines=false

Environment Variables:
JAVA_HOME=C:\Program Files\Java\jdk-19
PATH=C:\Program Files\Java\jdk-19\bin;C:\Program Files\Python311\Scripts\;C:\Program Files\Python311\;E:\oracle\product\10.2.0\db_1\bin;C:\WINDOWS\system32;C:\WINDOWS;C:\WINDOWS\System32\Wbem;C:\WINDOWS\System32\WindowsPowerShell\v1.0\;C:\WINDOWS\System32\OpenSSH\;C:\Program Files\Java\jdk-19\bin;C:\Program Files\Java\jdk-19\bin;C:\Program Files\JetBrains\IntelliJ IDEA Community Edition 2022.2.1\bin;;C:\Users\hp\AppData\Local\Microsoft\WindowsApps;C:\Program Files\JetBrains\PyCharm 2022.2.3\bin;;C:\Users\hp\AppData\Local\Programs\Microsoft VS Code\bin;C:\Users\hp\AppData\Local\GitHubDesktop\bin;
USERNAME=hp
OS=Windows_NT
PROCESSOR_IDENTIFIER=Intel64 Family 6 Model 60 Stepping 3, GenuineIntel
TMP=C:\Users\hp\AppData\Local\Temp
TEMP=C:\Users\hp\AppData\Local\Temp



---------------  S Y S T E M  ---------------

OS:
 Windows 10 , 64 bit Build 19041 (10.0.19041.2546)
OS uptime: 0 days 10:16 hours

CPU: total 4 (initial active 4) (2 cores per cpu, 2 threads per core) family 6 model 60 stepping 3 microcode 0x27, cx8, cmov, fxsr, ht, mmx, sse, sse2, sse3, ssse3, sse4.1, sse4.2, popcnt, lzcnt, tsc, tscinvbit, avx, avx2, aes, erms, clmul, bmi1, bmi2, fma, vzeroupper, clflush, rdtscp

Memory: 4k page, system-wide physical 7993M (1579M free)
TotalPageFile size 29982M (AvailPageFile size 1M)
current process WorkingSet (physical memory assigned to process): 87M, peak: 87M
current process commit charge ("private bytes"): 226M, peak: 230M

vm_info: Java HotSpot(TM) 64-Bit Server VM (19.0.1+10-21) for windows-amd64 JRE (19.0.1+10-21), built on 2022-09-14T12:45:06Z by "mach5one" with MS VC++ 17.1 (VS2022)

END.
