#
# There is insufficient memory for the Java Runtime Environment to continue.
# Native memory allocation (mmap) failed to map 132120576 bytes for G1 virtual space
# Possible reasons:
#   The system is out of physical RAM or swap space
#   The process is running with CompressedOops enabled, and the Java Heap may be blocking the growth of the native heap
# Possible solutions:
#   Reduce memory load on the system
#   Increase physical memory or swap space
#   Check if swap backing store is full
#   Decrease Java heap size (-Xmx/-Xms)
#   Decrease number of Java threads
#   Decrease Java thread stack sizes (-Xss)
#   Set larger code cache with -XX:ReservedCodeCacheSize=
#   JVM is running with Unscaled Compressed Oops mode in which the Java heap is
#     placed in the first 4GB address space. The Java Heap base address is the
#     maximum limit for the native heap growth. Please use -XX:HeapBaseMinAddress
#     to set the Java Heap base and to place the Java Heap above 4GB virtual address.
# This output file may be truncated or incomplete.
#
#  Out of Memory Error (os_windows.cpp:3527), pid=23644, tid=22380
#
# JRE version:  (19.0.1+10) (build )
# Java VM: Java HotSpot(TM) 64-Bit Server VM (19.0.1+10-21, mixed mode, sharing, tiered, compressed oops, compressed class ptrs, g1 gc, windows-amd64)
# No core dump will be written. Minidumps are not enabled by default on client versions of Windows
#

---------------  S U M M A R Y ------------

Command Line: -Dfile.encoding=UTF-8 --module-path=C:\Users\hp\Documents\NetBeansProjects\JavaApplication1\build\classes javaapplication1.Signup

Host: Intel(R) Core(TM) i5-4210M CPU @ 2.60GHz, 4 cores, 7G,  Windows 10 , 64 bit Build 19041 (10.0.19041.2546)
Time: Wed Apr 12 20:27:54 2023 India Standard Time elapsed time: 0.027394 seconds (0d 0h 0m 0s)

---------------  T H R E A D  ---------------

Current thread (0x000001f8d04b8e40):  JavaThread "Unknown thread" [_thread_in_vm, id=22380, stack(0x000000e4f7b00000,0x000000e4f7c00000)]

Stack: [0x000000e4f7b00000,0x000000e4f7c00000]
Native frames: (J=compiled Java code, j=interpreted, Vv=VM code, C=native code)
V  [jvm.dll+0x6ee8fa]
V  [jvm.dll+0x857a1e]
V  [jvm.dll+0x85940e]
V  [jvm.dll+0x859ac3]
V  [jvm.dll+0x28291f]
V  [jvm.dll+0x6eb6e9]
V  [jvm.dll+0x6e028a]
V  [jvm.dll+0x357136]
V  [jvm.dll+0x35eb96]
V  [jvm.dll+0x3b555e]
V  [jvm.dll+0x3b578f]
V  [jvm.dll+0x32c6ea]
V  [jvm.dll+0x32d59e]
V  [jvm.dll+0x821b20]
V  [jvm.dll+0x3c27c1]
V  [jvm.dll+0x8022f1]
V  [jvm.dll+0x44b30f]
V  [jvm.dll+0x44cc91]
C  [jli.dll+0x5287]
C  [ucrtbase.dll+0x21bb2]
C  [KERNEL32.DLL+0x17614]
C  [ntdll.dll+0x526a1]


---------------  P R O C E S S  ---------------

Threads class SMR info:
_java_thread_list=0x00007ffc3855d048, length=0, elements={
}

Java Threads: ( => current thread )

Other Threads:
  0x000001f8d0518f30 WorkerThread "GC Thread#0" [stack: 0x000000e4f7c00000,0x000000e4f7d00000] [id=25160]
  0x000001f8d0529a30 ConcurrentGCThread "G1 Main Marker" [stack: 0x000000e4f7d00000,0x000000e4f7e00000] [id=1160]
  0x000001f8d052ac00 WorkerThread "G1 Conc#0" [stack: 0x000000e4f7e00000,0x000000e4f7f00000] [id=23100]

[error occurred during error reporting (printing all threads), id 0xc0000005, EXCEPTION_ACCESS_VIOLATION (0xc0000005) at pc=0x00007ffc37d1d127]

VM state: not at safepoint (not fully initialized)

VM Mutex/Monitor currently owned by a thread:  ([mutex/lock_event])
[0x000001f8d04b4860] Heap_lock - owner thread: 0x000001f8d04b8e40

Heap address: 0x0000000083000000, size: 2000 MB, Compressed Oops mode: 32-bit

CDS archive(s) mapped at: [0x0000000000000000-0x0000000000000000-0x0000000000000000), size 0, SharedBaseAddress: 0x0000000800000000, ArchiveRelocationMode: 0.
Narrow klass base: 0x0000000000000000, Narrow klass shift: 0, Narrow klass range: 0x0

GC Precious Log:
 CardTable entry size: 512
 Card Set container configuration: InlinePtr #cards 5 size 8 Array Of Cards #cards 12 size 40 Howl #buckets 4 coarsen threshold 1843 Howl Bitmap #cards 512 size 80 coarsen threshold 460 Card regions per heap region 1 cards per card region 2048

Heap:
 garbage-first heap   total 0K, used 0K [0x0000000083000000, 0x0000000100000000)
  region size 1024K, 0 young (0K), 0 survivors (0K)

[error occurred during error reporting (printing heap information), id 0xc0000005, EXCEPTION_ACCESS_VIOLATION (0xc0000005) at pc=0x00007ffc38126959]

GC Heap History (0 events):
No events

Dll operation events (1 events):
Event: 0.013 Loaded shared library C:\Program Files\Java\jdk-19\bin\java.dll

Deoptimization events (0 events):
No events

Classes loaded (0 events):
No events

Classes unloaded (0 events):
No events

Classes redefined (0 events):
No events

Internal exceptions (0 events):
No events

VM Operations (0 events):
No events

Events (0 events):
No events


Dynamic libraries:
0x00007ff7d73d0000 - 0x00007ff7d73e0000 	C:\Program Files\Java\jdk-19\bin\java.exe
0x00007ffc699b0000 - 0x00007ffc69ba8000 	C:\WINDOWS\SYSTEM32\ntdll.dll
0x00007ffc69290000 - 0x00007ffc6934f000 	C:\WINDOWS\System32\KERNEL32.DLL
0x00007ffc67520000 - 0x00007ffc677f2000 	C:\WINDOWS\System32\KERNELBASE.dll
0x00007ffc67180000 - 0x00007ffc67280000 	C:\WINDOWS\System32\ucrtbase.dll
0x00007ffc42300000 - 0x00007ffc42318000 	C:\Program Files\Java\jdk-19\bin\jli.dll
0x00007ffc691e0000 - 0x00007ffc6928e000 	C:\WINDOWS\System32\ADVAPI32.dll
0x00007ffc68380000 - 0x00007ffc6841e000 	C:\WINDOWS\System32\msvcrt.dll
0x00007ffc68970000 - 0x00007ffc68a0c000 	C:\WINDOWS\System32\sechost.dll
0x00007ffc69840000 - 0x00007ffc69964000 	C:\WINDOWS\System32\RPCRT4.dll
0x00007ffc3a6d0000 - 0x00007ffc3a6eb000 	C:\Program Files\Java\jdk-19\bin\VCRUNTIME140.dll
0x00007ffc69690000 - 0x00007ffc69831000 	C:\WINDOWS\System32\USER32.dll
0x00007ffc67150000 - 0x00007ffc67172000 	C:\WINDOWS\System32\win32u.dll
0x00007ffc68800000 - 0x00007ffc6882b000 	C:\WINDOWS\System32\GDI32.dll
0x00007ffc67280000 - 0x00007ffc6738f000 	C:\WINDOWS\System32\gdi32full.dll
0x00007ffc670b0000 - 0x00007ffc6714d000 	C:\WINDOWS\System32\msvcp_win.dll
0x00007ffc529d0000 - 0x00007ffc52c6a000 	C:\WINDOWS\WinSxS\amd64_microsoft.windows.common-controls_6595b64144ccf1df_6.0.19041.1110_none_60b5254171f9507e\COMCTL32.dll
0x00007ffc551a0000 - 0x00007ffc551aa000 	C:\WINDOWS\SYSTEM32\VERSION.dll
0x00007ffc687d0000 - 0x00007ffc68800000 	C:\WINDOWS\System32\IMM32.DLL
0x00007ffc3a6b0000 - 0x00007ffc3a6bc000 	C:\Program Files\Java\jdk-19\bin\vcruntime140_1.dll
0x00007ffc37540000 - 0x00007ffc375ce000 	C:\Program Files\Java\jdk-19\bin\msvcp140.dll
0x00007ffc379e0000 - 0x00007ffc386a0000 	C:\Program Files\Java\jdk-19\bin\server\jvm.dll
0x00007ffc5f830000 - 0x00007ffc5f857000 	C:\WINDOWS\SYSTEM32\WINMM.dll
0x00007ffc3a6c0000 - 0x00007ffc3a6c9000 	C:\WINDOWS\SYSTEM32\WSOCK32.dll
0x00007ffc68440000 - 0x00007ffc684ab000 	C:\WINDOWS\System32\WS2_32.dll
0x00007ffc64e40000 - 0x00007ffc64e52000 	C:\WINDOWS\SYSTEM32\kernel.appcore.dll
0x00007ffc3a660000 - 0x00007ffc3a66a000 	C:\Program Files\Java\jdk-19\bin\jimage.dll
0x00007ffc558b0000 - 0x00007ffc55a94000 	C:\WINDOWS\SYSTEM32\DBGHELP.DLL
0x00007ffc55450000 - 0x00007ffc55485000 	C:\WINDOWS\SYSTEM32\dbgcore.DLL
0x00007ffc67970000 - 0x00007ffc679f2000 	C:\WINDOWS\System32\bcryptPrimitives.dll
0x00007ffc379b0000 - 0x00007ffc379d6000 	C:\Program Files\Java\jdk-19\bin\java.dll

dbghelp: loaded successfully - version: 4.0.5 - missing functions: none
symbol engine: initialized successfully - sym options: 0x614 - pdb path: .;C:\Program Files\Java\jdk-19\bin;C:\WINDOWS\SYSTEM32;C:\WINDOWS\WinSxS\amd64_microsoft.windows.common-controls_6595b64144ccf1df_6.0.19041.1110_none_60b5254171f9507e;C:\Program Files\Java\jdk-19\bin\server

VM Arguments:
jvm_args: -Dfile.encoding=UTF-8 --module-path=C:\Users\hp\Documents\NetBeansProjects\JavaApplication1\build\classes 
java_command: javaapplication1.Signup
java_class_path (initial): E:\Java Programs\jcalendar-tz-1.3.3-4.jar;C:\Users\hp\Downloads\mysql-connector-java-8.0.28.jar;C:\Users\hp\Documents\NetBeansProjects\JavaApplication1\build\classes
Launcher Type: SUN_STANDARD

[Global flags]
     intx CICompilerCount                          = 3                                         {product} {ergonomic}
     uint ConcGCThreads                            = 1                                         {product} {ergonomic}
     uint G1ConcRefinementThreads                  = 4                                         {product} {ergonomic}
   size_t G1HeapRegionSize                         = 1048576                                   {product} {ergonomic}
    uintx GCDrainStackTargetSize                   = 64                                        {product} {ergonomic}
   size_t InitialHeapSize                          = 132120576                                 {product} {ergonomic}
   size_t MarkStackSize                            = 4194304                                   {product} {ergonomic}
   size_t MaxHeapSize                              = 2097152000                                {product} {ergonomic}
   size_t MinHeapDeltaBytes                        = 1048576                                   {product} {ergonomic}
   size_t MinHeapSize                              = 8388608                                   {product} {ergonomic}
    uintx NonNMethodCodeHeapSize                   = 5832780                                {pd product} {ergonomic}
    uintx NonProfiledCodeHeapSize                  = 122912730                              {pd product} {ergonomic}
    uintx ProfiledCodeHeapSize                     = 122912730                              {pd product} {ergonomic}
    uintx ReservedCodeCacheSize                    = 251658240                              {pd product} {ergonomic}
     bool SegmentedCodeCache                       = true                                      {product} {ergonomic}
   size_t SoftMaxHeapSize                          = 2097152000                             {manageable} {ergonomic}
     bool UseCompressedClassPointers               = true                           {product lp64_product} {ergonomic}
     bool UseCompressedOops                        = true                           {product lp64_product} {ergonomic}
     bool UseG1GC                                  = true                                      {product} {ergonomic}
     bool UseLargePagesIndividualAllocation        = false                                  {pd product} {ergonomic}

Logging:
Log output configuration:
 #0: stdout all=warning uptime,level,tags foldmultilines=false
 #1: stderr all=off uptime,level,tags foldmultilines=false

Environment Variables:
JAVA_HOME=C:\Program Files\Java\jdk-19
PATH=C:\Program Files\Java\jdk-19\bin;C:\Program Files\Python311\Scripts\;C:\Program Files\Python311\;E:\oracle\product\10.2.0\db_1\bin;C:\WINDOWS\system32;C:\WINDOWS;C:\WINDOWS\System32\Wbem;C:\WINDOWS\System32\WindowsPowerShell\v1.0\;C:\WINDOWS\System32\OpenSSH\;C:\Program Files\Java\jdk-19\bin;C:\Program Files\Java\jdk-19\bin;C:\Program Files\JetBrains\IntelliJ IDEA Community Edition 2022.2.1\bin;;C:\Users\hp\AppData\Local\Microsoft\WindowsApps;C:\Program Files\JetBrains\PyCharm 2022.2.3\bin;;C:\Users\hp\AppData\Local\Programs\Microsoft VS Code\bin;C:\Users\hp\AppData\Local\GitHubDesktop\bin;
USERNAME=hp
OS=Windows_NT
PROCESSOR_IDENTIFIER=Intel64 Family 6 Model 60 Stepping 3, GenuineIntel
TMP=C:\Users\hp\AppData\Local\Temp
TEMP=C:\Users\hp\AppData\Local\Temp



---------------  S Y S T E M  ---------------

OS:
 Windows 10 , 64 bit Build 19041 (10.0.19041.2546)
OS uptime: 0 days 10:31 hours

CPU: total 4 (initial active 4) (2 cores per cpu, 2 threads per core) family 6 model 60 stepping 3 microcode 0x27, cx8, cmov, fxsr, ht, mmx, sse, sse2, sse3, ssse3, sse4.1, sse4.2, popcnt, lzcnt, tsc, tscinvbit, avx, avx2, aes, erms, clmul, bmi1, bmi2, fma, vzeroupper, clflush, rdtscp

Memory: 4k page, system-wide physical 7993M (1688M free)
TotalPageFile size 29982M (AvailPageFile size 125M)
current process WorkingSet (physical memory assigned to process): 10M, peak: 10M
current process commit charge ("private bytes"): 52M, peak: 177M

vm_info: Java HotSpot(TM) 64-Bit Server VM (19.0.1+10-21) for windows-amd64 JRE (19.0.1+10-21), built on 2022-09-14T12:45:06Z by "mach5one" with MS VC++ 17.1 (VS2022)

END.
